<?xml version="1.0" encoding="UTF-8"?>
<!-- Generated by org.testng.reporters.JUnitReportReporter -->
<testsuite hostname="DESKTOP-GTSM8RN" failures="0" tests="4" name="stepdefinition.loginsteps" time="0.028" errors="0" timestamp="2022-12-09T19:03:13 IST" skipped="0">
  <testcase classname="stepdefinition.loginsteps" name="user_is_navigated_to_the_home_page" time="0.005"/>
  <system-out/>
  <testcase classname="stepdefinition.loginsteps" name="clicks_on_login_buton" time="0.015"/>
  <system-out/>
  <testcase classname="stepdefinition.loginsteps" name="user_enters_username_and_password" time="0.003"/>
  <system-out/>
  <testcase classname="stepdefinition.loginsteps" name="user_is_on_login_page" time="0.005"/>
  <system-out/>
</testsuite> <!-- stepdefinition.loginsteps -->
